2020-07-01 16:23:10 下午 [Thread: main][ Class:org.apache.ibatis.logging.LogFactory >> Method: org.apache.ibatis.logging.LogFactory.setImplementation(LogFactory.java:105) ]
DEBUG:Logging initialized using 'class org.apache.ibatis.logging.log4j.Log4jImpl' adapter.
2020-07-01 16:23:10 下午 [Thread: main][ Class:org.apache.ibatis.datasource.pooled.PooledDataSource >> Method: org.apache.ibatis.datasource.pooled.PooledDataSource.forceCloseAll(PooledDataSource.java:363) ]
DEBUG:PooledDataSource forcefully closed/removed all connections.
2020-07-01 16:23:10 下午 [Thread: main][ Class:org.apache.ibatis.datasource.pooled.PooledDataSource >> Method: org.apache.ibatis.datasource.pooled.PooledDataSource.forceCloseAll(PooledDataSource.java:363) ]
DEBUG:PooledDataSource forcefully closed/removed all connections.
2020-07-01 16:23:10 下午 [Thread: main][ Class:org.apache.ibatis.datasource.pooled.PooledDataSource >> Method: org.apache.ibatis.datasource.pooled.PooledDataSource.forceCloseAll(PooledDataSource.java:363) ]
DEBUG:PooledDataSource forcefully closed/removed all connections.
2020-07-01 16:23:10 下午 [Thread: main][ Class:org.apache.ibatis.datasource.pooled.PooledDataSource >> Method: org.apache.ibatis.datasource.pooled.PooledDataSource.forceCloseAll(PooledDataSource.java:363) ]
DEBUG:PooledDataSource forcefully closed/removed all connections.
2020-07-01 16:23:10 下午 [Thread: main][ Class:org.apache.ibatis.transaction.jdbc.JdbcTransaction >> Method: org.apache.ibatis.transaction.jdbc.JdbcTransaction.openConnection(JdbcTransaction.java:137) ]
DEBUG:Opening JDBC Connection
2020-07-01 16:23:11 下午 [Thread: main][ Class:org.apache.ibatis.datasource.pooled.PooledDataSource >> Method: org.apache.ibatis.datasource.pooled.PooledDataSource.popConnection(PooledDataSource.java:434) ]
DEBUG:Created connection 1311146128.
2020-07-01 16:23:11 下午 [Thread: main][ Class:org.apache.ibatis.transaction.jdbc.JdbcTransaction >> Method: org.apache.ibatis.transaction.jdbc.JdbcTransaction.setDesiredAutoCommit(JdbcTransaction.java:101) ]
DEBUG:Setting autocommit to false on JDBC Connection [com.mysql.cj.jdbc.ConnectionImpl@4e268090]
2020-07-01 16:23:11 下午 [Thread: main][ Class:com.fengfang.dao.IAccountDao.findAll >> Method: org.apache.ibatis.logging.jdbc.BaseJdbcLogger.debug(BaseJdbcLogger.java:137) ]
DEBUG:==>  Preparing: select * from Account
2020-07-01 16:23:11 下午 [Thread: main][ Class:com.fengfang.dao.IAccountDao.findAll >> Method: org.apache.ibatis.logging.jdbc.BaseJdbcLogger.debug(BaseJdbcLogger.java:137) ]
DEBUG:==> Parameters: 
2020-07-01 16:23:11 下午 [Thread: main][ Class:com.fengfang.dao.IAccountDao.findAll >> Method: org.apache.ibatis.logging.jdbc.BaseJdbcLogger.debug(BaseJdbcLogger.java:137) ]
DEBUG:<==      Total: 8
2020-07-01 16:23:11 下午 [Thread: main][ Class:org.apache.ibatis.transaction.jdbc.JdbcTransaction >> Method: org.apache.ibatis.transaction.jdbc.JdbcTransaction.resetAutoCommit(JdbcTransaction.java:123) ]
DEBUG:Resetting autocommit to true on JDBC Connection [com.mysql.cj.jdbc.ConnectionImpl@4e268090]
2020-07-01 16:23:11 下午 [Thread: main][ Class:org.apache.ibatis.transaction.jdbc.JdbcTransaction >> Method: org.apache.ibatis.transaction.jdbc.JdbcTransaction.close(JdbcTransaction.java:91) ]
DEBUG:Closing JDBC Connection [com.mysql.cj.jdbc.ConnectionImpl@4e268090]
2020-07-01 16:23:11 下午 [Thread: main][ Class:org.apache.ibatis.datasource.pooled.PooledDataSource >> Method: org.apache.ibatis.datasource.pooled.PooledDataSource.pushConnection(PooledDataSource.java:391) ]
DEBUG:Returned connection 1311146128 to pool.
2020-07-01 17:05:03 下午 [Thread: main][ Class:org.apache.ibatis.logging.LogFactory >> Method: org.apache.ibatis.logging.LogFactory.setImplementation(LogFactory.java:105) ]
DEBUG:Logging initialized using 'class org.apache.ibatis.logging.log4j.Log4jImpl' adapter.
2020-07-01 17:05:03 下午 [Thread: main][ Class:org.apache.ibatis.datasource.pooled.PooledDataSource >> Method: org.apache.ibatis.datasource.pooled.PooledDataSource.forceCloseAll(PooledDataSource.java:363) ]
DEBUG:PooledDataSource forcefully closed/removed all connections.
2020-07-01 17:05:03 下午 [Thread: main][ Class:org.apache.ibatis.datasource.pooled.PooledDataSource >> Method: org.apache.ibatis.datasource.pooled.PooledDataSource.forceCloseAll(PooledDataSource.java:363) ]
DEBUG:PooledDataSource forcefully closed/removed all connections.
2020-07-01 17:05:03 下午 [Thread: main][ Class:org.apache.ibatis.datasource.pooled.PooledDataSource >> Method: org.apache.ibatis.datasource.pooled.PooledDataSource.forceCloseAll(PooledDataSource.java:363) ]
DEBUG:PooledDataSource forcefully closed/removed all connections.
2020-07-01 17:05:03 下午 [Thread: main][ Class:org.apache.ibatis.datasource.pooled.PooledDataSource >> Method: org.apache.ibatis.datasource.pooled.PooledDataSource.forceCloseAll(PooledDataSource.java:363) ]
DEBUG:PooledDataSource forcefully closed/removed all connections.
2020-07-01 17:06:21 下午 [Thread: main][ Class:org.apache.ibatis.logging.LogFactory >> Method: org.apache.ibatis.logging.LogFactory.setImplementation(LogFactory.java:105) ]
DEBUG:Logging initialized using 'class org.apache.ibatis.logging.log4j.Log4jImpl' adapter.
2020-07-01 17:06:21 下午 [Thread: main][ Class:org.apache.ibatis.datasource.pooled.PooledDataSource >> Method: org.apache.ibatis.datasource.pooled.PooledDataSource.forceCloseAll(PooledDataSource.java:363) ]
DEBUG:PooledDataSource forcefully closed/removed all connections.
2020-07-01 17:06:21 下午 [Thread: main][ Class:org.apache.ibatis.datasource.pooled.PooledDataSource >> Method: org.apache.ibatis.datasource.pooled.PooledDataSource.forceCloseAll(PooledDataSource.java:363) ]
DEBUG:PooledDataSource forcefully closed/removed all connections.
2020-07-01 17:06:21 下午 [Thread: main][ Class:org.apache.ibatis.datasource.pooled.PooledDataSource >> Method: org.apache.ibatis.datasource.pooled.PooledDataSource.forceCloseAll(PooledDataSource.java:363) ]
DEBUG:PooledDataSource forcefully closed/removed all connections.
2020-07-01 17:06:21 下午 [Thread: main][ Class:org.apache.ibatis.datasource.pooled.PooledDataSource >> Method: org.apache.ibatis.datasource.pooled.PooledDataSource.forceCloseAll(PooledDataSource.java:363) ]
DEBUG:PooledDataSource forcefully closed/removed all connections.
2020-07-01 17:07:05 下午 [Thread: main][ Class:org.apache.ibatis.logging.LogFactory >> Method: org.apache.ibatis.logging.LogFactory.setImplementation(LogFactory.java:105) ]
DEBUG:Logging initialized using 'class org.apache.ibatis.logging.log4j.Log4jImpl' adapter.
2020-07-01 17:07:05 下午 [Thread: main][ Class:org.apache.ibatis.datasource.pooled.PooledDataSource >> Method: org.apache.ibatis.datasource.pooled.PooledDataSource.forceCloseAll(PooledDataSource.java:363) ]
DEBUG:PooledDataSource forcefully closed/removed all connections.
2020-07-01 17:07:05 下午 [Thread: main][ Class:org.apache.ibatis.datasource.pooled.PooledDataSource >> Method: org.apache.ibatis.datasource.pooled.PooledDataSource.forceCloseAll(PooledDataSource.java:363) ]
DEBUG:PooledDataSource forcefully closed/removed all connections.
2020-07-01 17:07:05 下午 [Thread: main][ Class:org.apache.ibatis.datasource.pooled.PooledDataSource >> Method: org.apache.ibatis.datasource.pooled.PooledDataSource.forceCloseAll(PooledDataSource.java:363) ]
DEBUG:PooledDataSource forcefully closed/removed all connections.
2020-07-01 17:07:05 下午 [Thread: main][ Class:org.apache.ibatis.datasource.pooled.PooledDataSource >> Method: org.apache.ibatis.datasource.pooled.PooledDataSource.forceCloseAll(PooledDataSource.java:363) ]
DEBUG:PooledDataSource forcefully closed/removed all connections.
2020-07-01 17:07:46 下午 [Thread: main][ Class:org.apache.ibatis.logging.LogFactory >> Method: org.apache.ibatis.logging.LogFactory.setImplementation(LogFactory.java:105) ]
DEBUG:Logging initialized using 'class org.apache.ibatis.logging.log4j.Log4jImpl' adapter.
2020-07-01 17:07:46 下午 [Thread: main][ Class:org.apache.ibatis.datasource.pooled.PooledDataSource >> Method: org.apache.ibatis.datasource.pooled.PooledDataSource.forceCloseAll(PooledDataSource.java:363) ]
DEBUG:PooledDataSource forcefully closed/removed all connections.
2020-07-01 17:07:46 下午 [Thread: main][ Class:org.apache.ibatis.datasource.pooled.PooledDataSource >> Method: org.apache.ibatis.datasource.pooled.PooledDataSource.forceCloseAll(PooledDataSource.java:363) ]
DEBUG:PooledDataSource forcefully closed/removed all connections.
2020-07-01 17:07:46 下午 [Thread: main][ Class:org.apache.ibatis.datasource.pooled.PooledDataSource >> Method: org.apache.ibatis.datasource.pooled.PooledDataSource.forceCloseAll(PooledDataSource.java:363) ]
DEBUG:PooledDataSource forcefully closed/removed all connections.
2020-07-01 17:07:46 下午 [Thread: main][ Class:org.apache.ibatis.datasource.pooled.PooledDataSource >> Method: org.apache.ibatis.datasource.pooled.PooledDataSource.forceCloseAll(PooledDataSource.java:363) ]
DEBUG:PooledDataSource forcefully closed/removed all connections.
2020-07-01 17:08:37 下午 [Thread: main][ Class:org.apache.ibatis.logging.LogFactory >> Method: org.apache.ibatis.logging.LogFactory.setImplementation(LogFactory.java:105) ]
DEBUG:Logging initialized using 'class org.apache.ibatis.logging.log4j.Log4jImpl' adapter.
2020-07-01 17:08:37 下午 [Thread: main][ Class:org.apache.ibatis.datasource.pooled.PooledDataSource >> Method: org.apache.ibatis.datasource.pooled.PooledDataSource.forceCloseAll(PooledDataSource.java:363) ]
DEBUG:PooledDataSource forcefully closed/removed all connections.
2020-07-01 17:08:37 下午 [Thread: main][ Class:org.apache.ibatis.datasource.pooled.PooledDataSource >> Method: org.apache.ibatis.datasource.pooled.PooledDataSource.forceCloseAll(PooledDataSource.java:363) ]
DEBUG:PooledDataSource forcefully closed/removed all connections.
2020-07-01 17:08:37 下午 [Thread: main][ Class:org.apache.ibatis.datasource.pooled.PooledDataSource >> Method: org.apache.ibatis.datasource.pooled.PooledDataSource.forceCloseAll(PooledDataSource.java:363) ]
DEBUG:PooledDataSource forcefully closed/removed all connections.
2020-07-01 17:08:37 下午 [Thread: main][ Class:org.apache.ibatis.datasource.pooled.PooledDataSource >> Method: org.apache.ibatis.datasource.pooled.PooledDataSource.forceCloseAll(PooledDataSource.java:363) ]
DEBUG:PooledDataSource forcefully closed/removed all connections.
2020-07-01 17:10:41 下午 [Thread: main][ Class:org.apache.ibatis.logging.LogFactory >> Method: org.apache.ibatis.logging.LogFactory.setImplementation(LogFactory.java:105) ]
DEBUG:Logging initialized using 'class org.apache.ibatis.logging.log4j.Log4jImpl' adapter.
2020-07-01 17:10:41 下午 [Thread: main][ Class:org.apache.ibatis.datasource.pooled.PooledDataSource >> Method: org.apache.ibatis.datasource.pooled.PooledDataSource.forceCloseAll(PooledDataSource.java:363) ]
DEBUG:PooledDataSource forcefully closed/removed all connections.
2020-07-01 17:10:41 下午 [Thread: main][ Class:org.apache.ibatis.datasource.pooled.PooledDataSource >> Method: org.apache.ibatis.datasource.pooled.PooledDataSource.forceCloseAll(PooledDataSource.java:363) ]
DEBUG:PooledDataSource forcefully closed/removed all connections.
2020-07-01 17:10:41 下午 [Thread: main][ Class:org.apache.ibatis.datasource.pooled.PooledDataSource >> Method: org.apache.ibatis.datasource.pooled.PooledDataSource.forceCloseAll(PooledDataSource.java:363) ]
DEBUG:PooledDataSource forcefully closed/removed all connections.
2020-07-01 17:10:41 下午 [Thread: main][ Class:org.apache.ibatis.datasource.pooled.PooledDataSource >> Method: org.apache.ibatis.datasource.pooled.PooledDataSource.forceCloseAll(PooledDataSource.java:363) ]
DEBUG:PooledDataSource forcefully closed/removed all connections.
2020-07-01 17:11:18 下午 [Thread: main][ Class:org.apache.ibatis.logging.LogFactory >> Method: org.apache.ibatis.logging.LogFactory.setImplementation(LogFactory.java:105) ]
DEBUG:Logging initialized using 'class org.apache.ibatis.logging.log4j.Log4jImpl' adapter.
2020-07-01 17:11:18 下午 [Thread: main][ Class:org.apache.ibatis.datasource.pooled.PooledDataSource >> Method: org.apache.ibatis.datasource.pooled.PooledDataSource.forceCloseAll(PooledDataSource.java:363) ]
DEBUG:PooledDataSource forcefully closed/removed all connections.
2020-07-01 17:11:18 下午 [Thread: main][ Class:org.apache.ibatis.datasource.pooled.PooledDataSource >> Method: org.apache.ibatis.datasource.pooled.PooledDataSource.forceCloseAll(PooledDataSource.java:363) ]
DEBUG:PooledDataSource forcefully closed/removed all connections.
2020-07-01 17:11:18 下午 [Thread: main][ Class:org.apache.ibatis.datasource.pooled.PooledDataSource >> Method: org.apache.ibatis.datasource.pooled.PooledDataSource.forceCloseAll(PooledDataSource.java:363) ]
DEBUG:PooledDataSource forcefully closed/removed all connections.
2020-07-01 17:11:18 下午 [Thread: main][ Class:org.apache.ibatis.datasource.pooled.PooledDataSource >> Method: org.apache.ibatis.datasource.pooled.PooledDataSource.forceCloseAll(PooledDataSource.java:363) ]
DEBUG:PooledDataSource forcefully closed/removed all connections.
2020-07-01 17:11:28 下午 [Thread: main][ Class:org.apache.ibatis.logging.LogFactory >> Method: org.apache.ibatis.logging.LogFactory.setImplementation(LogFactory.java:105) ]
DEBUG:Logging initialized using 'class org.apache.ibatis.logging.log4j.Log4jImpl' adapter.
2020-07-01 17:11:28 下午 [Thread: main][ Class:org.apache.ibatis.datasource.pooled.PooledDataSource >> Method: org.apache.ibatis.datasource.pooled.PooledDataSource.forceCloseAll(PooledDataSource.java:363) ]
DEBUG:PooledDataSource forcefully closed/removed all connections.
2020-07-01 17:11:28 下午 [Thread: main][ Class:org.apache.ibatis.datasource.pooled.PooledDataSource >> Method: org.apache.ibatis.datasource.pooled.PooledDataSource.forceCloseAll(PooledDataSource.java:363) ]
DEBUG:PooledDataSource forcefully closed/removed all connections.
2020-07-01 17:11:28 下午 [Thread: main][ Class:org.apache.ibatis.datasource.pooled.PooledDataSource >> Method: org.apache.ibatis.datasource.pooled.PooledDataSource.forceCloseAll(PooledDataSource.java:363) ]
DEBUG:PooledDataSource forcefully closed/removed all connections.
2020-07-01 17:11:28 下午 [Thread: main][ Class:org.apache.ibatis.datasource.pooled.PooledDataSource >> Method: org.apache.ibatis.datasource.pooled.PooledDataSource.forceCloseAll(PooledDataSource.java:363) ]
DEBUG:PooledDataSource forcefully closed/removed all connections.
2020-07-01 17:11:55 下午 [Thread: main][ Class:org.apache.ibatis.logging.LogFactory >> Method: org.apache.ibatis.logging.LogFactory.setImplementation(LogFactory.java:105) ]
DEBUG:Logging initialized using 'class org.apache.ibatis.logging.log4j.Log4jImpl' adapter.
2020-07-01 17:11:55 下午 [Thread: main][ Class:org.apache.ibatis.datasource.pooled.PooledDataSource >> Method: org.apache.ibatis.datasource.pooled.PooledDataSource.forceCloseAll(PooledDataSource.java:363) ]
DEBUG:PooledDataSource forcefully closed/removed all connections.
2020-07-01 17:11:55 下午 [Thread: main][ Class:org.apache.ibatis.datasource.pooled.PooledDataSource >> Method: org.apache.ibatis.datasource.pooled.PooledDataSource.forceCloseAll(PooledDataSource.java:363) ]
DEBUG:PooledDataSource forcefully closed/removed all connections.
2020-07-01 17:11:55 下午 [Thread: main][ Class:org.apache.ibatis.datasource.pooled.PooledDataSource >> Method: org.apache.ibatis.datasource.pooled.PooledDataSource.forceCloseAll(PooledDataSource.java:363) ]
DEBUG:PooledDataSource forcefully closed/removed all connections.
2020-07-01 17:11:55 下午 [Thread: main][ Class:org.apache.ibatis.datasource.pooled.PooledDataSource >> Method: org.apache.ibatis.datasource.pooled.PooledDataSource.forceCloseAll(PooledDataSource.java:363) ]
DEBUG:PooledDataSource forcefully closed/removed all connections.
2020-07-01 17:12:19 下午 [Thread: main][ Class:org.apache.ibatis.logging.LogFactory >> Method: org.apache.ibatis.logging.LogFactory.setImplementation(LogFactory.java:105) ]
DEBUG:Logging initialized using 'class org.apache.ibatis.logging.log4j.Log4jImpl' adapter.
2020-07-01 17:12:19 下午 [Thread: main][ Class:org.apache.ibatis.datasource.pooled.PooledDataSource >> Method: org.apache.ibatis.datasource.pooled.PooledDataSource.forceCloseAll(PooledDataSource.java:363) ]
DEBUG:PooledDataSource forcefully closed/removed all connections.
2020-07-01 17:12:19 下午 [Thread: main][ Class:org.apache.ibatis.datasource.pooled.PooledDataSource >> Method: org.apache.ibatis.datasource.pooled.PooledDataSource.forceCloseAll(PooledDataSource.java:363) ]
DEBUG:PooledDataSource forcefully closed/removed all connections.
2020-07-01 17:12:19 下午 [Thread: main][ Class:org.apache.ibatis.datasource.pooled.PooledDataSource >> Method: org.apache.ibatis.datasource.pooled.PooledDataSource.forceCloseAll(PooledDataSource.java:363) ]
DEBUG:PooledDataSource forcefully closed/removed all connections.
2020-07-01 17:12:19 下午 [Thread: main][ Class:org.apache.ibatis.datasource.pooled.PooledDataSource >> Method: org.apache.ibatis.datasource.pooled.PooledDataSource.forceCloseAll(PooledDataSource.java:363) ]
DEBUG:PooledDataSource forcefully closed/removed all connections.
2020-07-01 17:15:19 下午 [Thread: main][ Class:org.apache.ibatis.logging.LogFactory >> Method: org.apache.ibatis.logging.LogFactory.setImplementation(LogFactory.java:105) ]
DEBUG:Logging initialized using 'class org.apache.ibatis.logging.log4j.Log4jImpl' adapter.
2020-07-01 17:15:19 下午 [Thread: main][ Class:org.apache.ibatis.datasource.pooled.PooledDataSource >> Method: org.apache.ibatis.datasource.pooled.PooledDataSource.forceCloseAll(PooledDataSource.java:363) ]
DEBUG:PooledDataSource forcefully closed/removed all connections.
2020-07-01 17:15:19 下午 [Thread: main][ Class:org.apache.ibatis.datasource.pooled.PooledDataSource >> Method: org.apache.ibatis.datasource.pooled.PooledDataSource.forceCloseAll(PooledDataSource.java:363) ]
DEBUG:PooledDataSource forcefully closed/removed all connections.
2020-07-01 17:15:19 下午 [Thread: main][ Class:org.apache.ibatis.datasource.pooled.PooledDataSource >> Method: org.apache.ibatis.datasource.pooled.PooledDataSource.forceCloseAll(PooledDataSource.java:363) ]
DEBUG:PooledDataSource forcefully closed/removed all connections.
2020-07-01 17:15:19 下午 [Thread: main][ Class:org.apache.ibatis.datasource.pooled.PooledDataSource >> Method: org.apache.ibatis.datasource.pooled.PooledDataSource.forceCloseAll(PooledDataSource.java:363) ]
DEBUG:PooledDataSource forcefully closed/removed all connections.
2020-07-01 17:15:31 下午 [Thread: main][ Class:org.apache.ibatis.logging.LogFactory >> Method: org.apache.ibatis.logging.LogFactory.setImplementation(LogFactory.java:105) ]
DEBUG:Logging initialized using 'class org.apache.ibatis.logging.log4j.Log4jImpl' adapter.
2020-07-01 17:15:31 下午 [Thread: main][ Class:org.apache.ibatis.datasource.pooled.PooledDataSource >> Method: org.apache.ibatis.datasource.pooled.PooledDataSource.forceCloseAll(PooledDataSource.java:363) ]
DEBUG:PooledDataSource forcefully closed/removed all connections.
2020-07-01 17:15:31 下午 [Thread: main][ Class:org.apache.ibatis.datasource.pooled.PooledDataSource >> Method: org.apache.ibatis.datasource.pooled.PooledDataSource.forceCloseAll(PooledDataSource.java:363) ]
DEBUG:PooledDataSource forcefully closed/removed all connections.
2020-07-01 17:15:31 下午 [Thread: main][ Class:org.apache.ibatis.datasource.pooled.PooledDataSource >> Method: org.apache.ibatis.datasource.pooled.PooledDataSource.forceCloseAll(PooledDataSource.java:363) ]
DEBUG:PooledDataSource forcefully closed/removed all connections.
2020-07-01 17:15:31 下午 [Thread: main][ Class:org.apache.ibatis.datasource.pooled.PooledDataSource >> Method: org.apache.ibatis.datasource.pooled.PooledDataSource.forceCloseAll(PooledDataSource.java:363) ]
DEBUG:PooledDataSource forcefully closed/removed all connections.
2020-07-01 17:17:47 下午 [Thread: main][ Class:org.apache.ibatis.logging.LogFactory >> Method: org.apache.ibatis.logging.LogFactory.setImplementation(LogFactory.java:105) ]
DEBUG:Logging initialized using 'class org.apache.ibatis.logging.log4j.Log4jImpl' adapter.
2020-07-01 17:17:47 下午 [Thread: main][ Class:org.apache.ibatis.datasource.pooled.PooledDataSource >> Method: org.apache.ibatis.datasource.pooled.PooledDataSource.forceCloseAll(PooledDataSource.java:363) ]
DEBUG:PooledDataSource forcefully closed/removed all connections.
2020-07-01 17:17:47 下午 [Thread: main][ Class:org.apache.ibatis.datasource.pooled.PooledDataSource >> Method: org.apache.ibatis.datasource.pooled.PooledDataSource.forceCloseAll(PooledDataSource.java:363) ]
DEBUG:PooledDataSource forcefully closed/removed all connections.
2020-07-01 17:17:47 下午 [Thread: main][ Class:org.apache.ibatis.datasource.pooled.PooledDataSource >> Method: org.apache.ibatis.datasource.pooled.PooledDataSource.forceCloseAll(PooledDataSource.java:363) ]
DEBUG:PooledDataSource forcefully closed/removed all connections.
2020-07-01 17:17:47 下午 [Thread: main][ Class:org.apache.ibatis.datasource.pooled.PooledDataSource >> Method: org.apache.ibatis.datasource.pooled.PooledDataSource.forceCloseAll(PooledDataSource.java:363) ]
DEBUG:PooledDataSource forcefully closed/removed all connections.
2020-07-01 17:18:29 下午 [Thread: main][ Class:org.apache.ibatis.logging.LogFactory >> Method: org.apache.ibatis.logging.LogFactory.setImplementation(LogFactory.java:105) ]
DEBUG:Logging initialized using 'class org.apache.ibatis.logging.log4j.Log4jImpl' adapter.
2020-07-01 17:18:29 下午 [Thread: main][ Class:org.apache.ibatis.datasource.pooled.PooledDataSource >> Method: org.apache.ibatis.datasource.pooled.PooledDataSource.forceCloseAll(PooledDataSource.java:363) ]
DEBUG:PooledDataSource forcefully closed/removed all connections.
2020-07-01 17:18:29 下午 [Thread: main][ Class:org.apache.ibatis.datasource.pooled.PooledDataSource >> Method: org.apache.ibatis.datasource.pooled.PooledDataSource.forceCloseAll(PooledDataSource.java:363) ]
DEBUG:PooledDataSource forcefully closed/removed all connections.
2020-07-01 17:18:29 下午 [Thread: main][ Class:org.apache.ibatis.datasource.pooled.PooledDataSource >> Method: org.apache.ibatis.datasource.pooled.PooledDataSource.forceCloseAll(PooledDataSource.java:363) ]
DEBUG:PooledDataSource forcefully closed/removed all connections.
2020-07-01 17:18:29 下午 [Thread: main][ Class:org.apache.ibatis.datasource.pooled.PooledDataSource >> Method: org.apache.ibatis.datasource.pooled.PooledDataSource.forceCloseAll(PooledDataSource.java:363) ]
DEBUG:PooledDataSource forcefully closed/removed all connections.
2020-07-01 17:20:09 下午 [Thread: main][ Class:org.apache.ibatis.logging.LogFactory >> Method: org.apache.ibatis.logging.LogFactory.setImplementation(LogFactory.java:105) ]
DEBUG:Logging initialized using 'class org.apache.ibatis.logging.log4j.Log4jImpl' adapter.
2020-07-01 17:20:09 下午 [Thread: main][ Class:org.apache.ibatis.datasource.pooled.PooledDataSource >> Method: org.apache.ibatis.datasource.pooled.PooledDataSource.forceCloseAll(PooledDataSource.java:363) ]
DEBUG:PooledDataSource forcefully closed/removed all connections.
2020-07-01 17:20:09 下午 [Thread: main][ Class:org.apache.ibatis.datasource.pooled.PooledDataSource >> Method: org.apache.ibatis.datasource.pooled.PooledDataSource.forceCloseAll(PooledDataSource.java:363) ]
DEBUG:PooledDataSource forcefully closed/removed all connections.
2020-07-01 17:20:09 下午 [Thread: main][ Class:org.apache.ibatis.datasource.pooled.PooledDataSource >> Method: org.apache.ibatis.datasource.pooled.PooledDataSource.forceCloseAll(PooledDataSource.java:363) ]
DEBUG:PooledDataSource forcefully closed/removed all connections.
2020-07-01 17:20:09 下午 [Thread: main][ Class:org.apache.ibatis.datasource.pooled.PooledDataSource >> Method: org.apache.ibatis.datasource.pooled.PooledDataSource.forceCloseAll(PooledDataSource.java:363) ]
DEBUG:PooledDataSource forcefully closed/removed all connections.
2020-07-01 17:20:26 下午 [Thread: main][ Class:org.apache.ibatis.logging.LogFactory >> Method: org.apache.ibatis.logging.LogFactory.setImplementation(LogFactory.java:105) ]
DEBUG:Logging initialized using 'class org.apache.ibatis.logging.log4j.Log4jImpl' adapter.
2020-07-01 17:20:26 下午 [Thread: main][ Class:org.apache.ibatis.datasource.pooled.PooledDataSource >> Method: org.apache.ibatis.datasource.pooled.PooledDataSource.forceCloseAll(PooledDataSource.java:363) ]
DEBUG:PooledDataSource forcefully closed/removed all connections.
2020-07-01 17:20:26 下午 [Thread: main][ Class:org.apache.ibatis.datasource.pooled.PooledDataSource >> Method: org.apache.ibatis.datasource.pooled.PooledDataSource.forceCloseAll(PooledDataSource.java:363) ]
DEBUG:PooledDataSource forcefully closed/removed all connections.
2020-07-01 17:20:26 下午 [Thread: main][ Class:org.apache.ibatis.datasource.pooled.PooledDataSource >> Method: org.apache.ibatis.datasource.pooled.PooledDataSource.forceCloseAll(PooledDataSource.java:363) ]
DEBUG:PooledDataSource forcefully closed/removed all connections.
2020-07-01 17:20:26 下午 [Thread: main][ Class:org.apache.ibatis.datasource.pooled.PooledDataSource >> Method: org.apache.ibatis.datasource.pooled.PooledDataSource.forceCloseAll(PooledDataSource.java:363) ]
DEBUG:PooledDataSource forcefully closed/removed all connections.
2020-07-01 17:21:10 下午 [Thread: main][ Class:org.apache.ibatis.logging.LogFactory >> Method: org.apache.ibatis.logging.LogFactory.setImplementation(LogFactory.java:105) ]
DEBUG:Logging initialized using 'class org.apache.ibatis.logging.log4j.Log4jImpl' adapter.
2020-07-01 17:21:10 下午 [Thread: main][ Class:org.apache.ibatis.datasource.pooled.PooledDataSource >> Method: org.apache.ibatis.datasource.pooled.PooledDataSource.forceCloseAll(PooledDataSource.java:363) ]
DEBUG:PooledDataSource forcefully closed/removed all connections.
2020-07-01 17:21:10 下午 [Thread: main][ Class:org.apache.ibatis.datasource.pooled.PooledDataSource >> Method: org.apache.ibatis.datasource.pooled.PooledDataSource.forceCloseAll(PooledDataSource.java:363) ]
DEBUG:PooledDataSource forcefully closed/removed all connections.
2020-07-01 17:21:10 下午 [Thread: main][ Class:org.apache.ibatis.datasource.pooled.PooledDataSource >> Method: org.apache.ibatis.datasource.pooled.PooledDataSource.forceCloseAll(PooledDataSource.java:363) ]
DEBUG:PooledDataSource forcefully closed/removed all connections.
2020-07-01 17:21:10 下午 [Thread: main][ Class:org.apache.ibatis.datasource.pooled.PooledDataSource >> Method: org.apache.ibatis.datasource.pooled.PooledDataSource.forceCloseAll(PooledDataSource.java:363) ]
DEBUG:PooledDataSource forcefully closed/removed all connections.
2020-07-01 17:26:49 下午 [Thread: main][ Class:org.apache.ibatis.logging.LogFactory >> Method: org.apache.ibatis.logging.LogFactory.setImplementation(LogFactory.java:105) ]
DEBUG:Logging initialized using 'class org.apache.ibatis.logging.log4j.Log4jImpl' adapter.
2020-07-01 17:26:49 下午 [Thread: main][ Class:org.apache.ibatis.datasource.pooled.PooledDataSource >> Method: org.apache.ibatis.datasource.pooled.PooledDataSource.forceCloseAll(PooledDataSource.java:363) ]
DEBUG:PooledDataSource forcefully closed/removed all connections.
2020-07-01 17:26:49 下午 [Thread: main][ Class:org.apache.ibatis.datasource.pooled.PooledDataSource >> Method: org.apache.ibatis.datasource.pooled.PooledDataSource.forceCloseAll(PooledDataSource.java:363) ]
DEBUG:PooledDataSource forcefully closed/removed all connections.
2020-07-01 17:26:49 下午 [Thread: main][ Class:org.apache.ibatis.datasource.pooled.PooledDataSource >> Method: org.apache.ibatis.datasource.pooled.PooledDataSource.forceCloseAll(PooledDataSource.java:363) ]
DEBUG:PooledDataSource forcefully closed/removed all connections.
2020-07-01 17:26:49 下午 [Thread: main][ Class:org.apache.ibatis.datasource.pooled.PooledDataSource >> Method: org.apache.ibatis.datasource.pooled.PooledDataSource.forceCloseAll(PooledDataSource.java:363) ]
DEBUG:PooledDataSource forcefully closed/removed all connections.
2020-07-01 17:26:49 下午 [Thread: main][ Class:org.apache.ibatis.transaction.jdbc.JdbcTransaction >> Method: org.apache.ibatis.transaction.jdbc.JdbcTransaction.openConnection(JdbcTransaction.java:137) ]
DEBUG:Opening JDBC Connection
2020-07-01 17:26:50 下午 [Thread: main][ Class:org.apache.ibatis.datasource.pooled.PooledDataSource >> Method: org.apache.ibatis.datasource.pooled.PooledDataSource.popConnection(PooledDataSource.java:434) ]
DEBUG:Created connection 1311146128.
2020-07-01 17:26:50 下午 [Thread: main][ Class:org.apache.ibatis.transaction.jdbc.JdbcTransaction >> Method: org.apache.ibatis.transaction.jdbc.JdbcTransaction.setDesiredAutoCommit(JdbcTransaction.java:101) ]
DEBUG:Setting autocommit to false on JDBC Connection [com.mysql.cj.jdbc.ConnectionImpl@4e268090]
2020-07-01 17:26:50 下午 [Thread: main][ Class:com.fengfang.dao.IAccountDao.findAll >> Method: org.apache.ibatis.logging.jdbc.BaseJdbcLogger.debug(BaseJdbcLogger.java:137) ]
DEBUG:==>  Preparing: select * from Account
2020-07-01 17:26:50 下午 [Thread: main][ Class:com.fengfang.dao.IAccountDao.findAll >> Method: org.apache.ibatis.logging.jdbc.BaseJdbcLogger.debug(BaseJdbcLogger.java:137) ]
DEBUG:==> Parameters: 
2020-07-01 17:26:50 下午 [Thread: main][ Class:com.fengfang.dao.IAccountDao.findAll >> Method: org.apache.ibatis.logging.jdbc.BaseJdbcLogger.debug(BaseJdbcLogger.java:137) ]
DEBUG:<==      Total: 8
2020-07-01 17:26:50 下午 [Thread: main][ Class:org.apache.ibatis.transaction.jdbc.JdbcTransaction >> Method: org.apache.ibatis.transaction.jdbc.JdbcTransaction.resetAutoCommit(JdbcTransaction.java:123) ]
DEBUG:Resetting autocommit to true on JDBC Connection [com.mysql.cj.jdbc.ConnectionImpl@4e268090]
2020-07-01 17:26:50 下午 [Thread: main][ Class:org.apache.ibatis.transaction.jdbc.JdbcTransaction >> Method: org.apache.ibatis.transaction.jdbc.JdbcTransaction.close(JdbcTransaction.java:91) ]
DEBUG:Closing JDBC Connection [com.mysql.cj.jdbc.ConnectionImpl@4e268090]
2020-07-01 17:26:50 下午 [Thread: main][ Class:org.apache.ibatis.datasource.pooled.PooledDataSource >> Method: org.apache.ibatis.datasource.pooled.PooledDataSource.pushConnection(PooledDataSource.java:391) ]
DEBUG:Returned connection 1311146128 to pool.
2020-07-01 17:28:30 下午 [Thread: main][ Class:org.apache.ibatis.logging.LogFactory >> Method: org.apache.ibatis.logging.LogFactory.setImplementation(LogFactory.java:105) ]
DEBUG:Logging initialized using 'class org.apache.ibatis.logging.log4j.Log4jImpl' adapter.
2020-07-01 17:28:30 下午 [Thread: main][ Class:org.apache.ibatis.datasource.pooled.PooledDataSource >> Method: org.apache.ibatis.datasource.pooled.PooledDataSource.forceCloseAll(PooledDataSource.java:363) ]
DEBUG:PooledDataSource forcefully closed/removed all connections.
2020-07-01 17:28:30 下午 [Thread: main][ Class:org.apache.ibatis.datasource.pooled.PooledDataSource >> Method: org.apache.ibatis.datasource.pooled.PooledDataSource.forceCloseAll(PooledDataSource.java:363) ]
DEBUG:PooledDataSource forcefully closed/removed all connections.
2020-07-01 17:28:30 下午 [Thread: main][ Class:org.apache.ibatis.datasource.pooled.PooledDataSource >> Method: org.apache.ibatis.datasource.pooled.PooledDataSource.forceCloseAll(PooledDataSource.java:363) ]
DEBUG:PooledDataSource forcefully closed/removed all connections.
2020-07-01 17:28:30 下午 [Thread: main][ Class:org.apache.ibatis.datasource.pooled.PooledDataSource >> Method: org.apache.ibatis.datasource.pooled.PooledDataSource.forceCloseAll(PooledDataSource.java:363) ]
DEBUG:PooledDataSource forcefully closed/removed all connections.
2020-07-01 17:28:30 下午 [Thread: main][ Class:org.apache.ibatis.transaction.jdbc.JdbcTransaction >> Method: org.apache.ibatis.transaction.jdbc.JdbcTransaction.openConnection(JdbcTransaction.java:137) ]
DEBUG:Opening JDBC Connection
2020-07-01 17:28:31 下午 [Thread: main][ Class:org.apache.ibatis.datasource.pooled.PooledDataSource >> Method: org.apache.ibatis.datasource.pooled.PooledDataSource.popConnection(PooledDataSource.java:434) ]
DEBUG:Created connection 1311146128.
2020-07-01 17:28:31 下午 [Thread: main][ Class:org.apache.ibatis.transaction.jdbc.JdbcTransaction >> Method: org.apache.ibatis.transaction.jdbc.JdbcTransaction.setDesiredAutoCommit(JdbcTransaction.java:101) ]
DEBUG:Setting autocommit to false on JDBC Connection [com.mysql.cj.jdbc.ConnectionImpl@4e268090]
2020-07-01 17:28:31 下午 [Thread: main][ Class:com.fengfang.dao.IAccountDao.findAll >> Method: org.apache.ibatis.logging.jdbc.BaseJdbcLogger.debug(BaseJdbcLogger.java:137) ]
DEBUG:==>  Preparing: select * from Account
2020-07-01 17:28:31 下午 [Thread: main][ Class:com.fengfang.dao.IAccountDao.findAll >> Method: org.apache.ibatis.logging.jdbc.BaseJdbcLogger.debug(BaseJdbcLogger.java:137) ]
DEBUG:==> Parameters: 
2020-07-01 17:28:31 下午 [Thread: main][ Class:com.fengfang.dao.IAccountDao.findAll >> Method: org.apache.ibatis.logging.jdbc.BaseJdbcLogger.debug(BaseJdbcLogger.java:137) ]
DEBUG:<==      Total: 8
2020-07-01 17:28:31 下午 [Thread: main][ Class:org.apache.ibatis.transaction.jdbc.JdbcTransaction >> Method: org.apache.ibatis.transaction.jdbc.JdbcTransaction.resetAutoCommit(JdbcTransaction.java:123) ]
DEBUG:Resetting autocommit to true on JDBC Connection [com.mysql.cj.jdbc.ConnectionImpl@4e268090]
2020-07-01 17:28:31 下午 [Thread: main][ Class:org.apache.ibatis.transaction.jdbc.JdbcTransaction >> Method: org.apache.ibatis.transaction.jdbc.JdbcTransaction.close(JdbcTransaction.java:91) ]
DEBUG:Closing JDBC Connection [com.mysql.cj.jdbc.ConnectionImpl@4e268090]
2020-07-01 17:28:31 下午 [Thread: main][ Class:org.apache.ibatis.datasource.pooled.PooledDataSource >> Method: org.apache.ibatis.datasource.pooled.PooledDataSource.pushConnection(PooledDataSource.java:391) ]
DEBUG:Returned connection 1311146128 to pool.
